#separator \x09
#set_separator	,
#empty_field	(empty)
#unset_field	-
#path	ocsp
#open	2023-03-15-12-31-35
#fields	ts	id	hashAlgorithm	issuerNameHash	issuerKeyHash	serialNumber	certStatus	revoketime	revokereason	thisUpdate	nextUpdate
#types	time	string	string	string	string	string	string	time	string	time	time
1678869326.295257	Fib2ao3B6767RIpF52	sha1	A7C4B8B3DC5BB5581EA7D7F13AC569F56F48D789	748580C066C7DF37DECFBD2937AA031DBEEDCD17	0811C1A62FDF54D537C1AEBD3DF75655	good	-	-	1678827781.000000	1679429881.000000
1678869326.492056	FjSxHi3kbduYu6knG1	sha1	2B1D1E98CCF37604D6C1C8BD15A224C804130038	0ABC0829178CA5396D7A0ECE33C72EB3EDFBC37A	010307F39131B2D0566B9B898ECDDF01	good	-	-	1678873502.000000	1679475602.000000
1678869326.493088	F3UF4i49sEnL10djW6	sha1	2B1D1E98CCF37604D6C1C8BD15A224C804130038	0ABC0829178CA5396D7A0ECE33C72EB3EDFBC37A	010307F39131B2D0566B9B898ECDDF01	good	-	-	1678873502.000000	1679475602.000000
1678869326.493102	FfHNRv3zUwzaza6Ree	sha1	2B1D1E98CCF37604D6C1C8BD15A224C804130038	0ABC0829178CA5396D7A0ECE33C72EB3EDFBC37A	010307F39131B2D0566B9B898ECDDF01	good	-	-	1678873502.000000	1679475602.000000
1678869326.682105	F3MUxD1cWQ27g9Wcbe	sha1	2B1D1E98CCF37604D6C1C8BD15A224C804130038	0ABC0829178CA5396D7A0ECE33C72EB3EDFBC37A	010307F39131B2D0566B9B898ECDDF01	good	-	-	1678873502.000000	1679475602.000000
1678869344.732331	FFoUP63kYM99a8Olvg	sha1	2B1D1E98CCF37604D6C1C8BD15A224C804130038	0ABC0829178CA5396D7A0ECE33C72EB3EDFBC37A	07D9097CBD6D9DF1507AC1D13F6804C1	good	-	-	1678826341.000000	1679428441.000000
1678869370.271888	FHFSCqD3mTpYVoHE6	sha1	48DAC9A0FB2BD32D4FF0DE68D2F567B735F9B3C4	142EB317B75856CBAE500940E61FAF9D8B14C2C6	0432B4B62F450248832FFE56625105683E55	good	-	-	1678809600.000000	1679414398.000000
1678869370.373996	FMmMJuD2B4L3YdJsg	sha1	B6080D5F6C6B76EB13E438A5F8660BA85233344E	40C2BD278ECC348330A233D7FB6CB3F0B42C80CE	EC0906BAA761794C	good	-	-	1678798499.000000	1678928099.000000
1678869370.432846	FA11Ag1v7vZ01tLV6b	sha1	B6080D5F6C6B76EB13E438A5F8660BA85233344E	40C2BD278ECC348330A233D7FB6CB3F0B42C80CE	EC0906BAA761794C	good	-	-	1678798499.000000	1678928099.000000
1678869428.724870	FsndXw3U37Pof3lb13	sha1	430BD20E4F137A1A6C918F24E5DA7E324D4733C8	8D8C5EC454AD8AE177E99BF99B05E1B8018D61E1	7AEE1A6E37E2024B5CDC3D150C2641ED	good	-	-	1678737555.000000	1679342354.000000
1678869428.878353	FxKhKC3bGdq1jYKTIi	sha1	48DAC9A0FB2BD32D4FF0DE68D2F567B735F9B3C4	142EB317B75856CBAE500940E61FAF9D8B14C2C6	042495B0B6C5EB0F6D38424C61BF45F8D525	good	-	-	1678838400.000000	1679443198.000000
1678869428.900116	FNCy3I1LqsD4HDh2wh	sha1	082E3FF9058CFE8A7C18BD13EFDF1D1660707A6B	C8D97868A2D91968D53D72DE5F0A3EDCB58686A6	074228D83E6C6BD17910B4C40A111FF4	good	-	-	1678735096.000000	1679339895.000000
1678869429.289633	Fw45t31StDUXSKGDA9	sha1	B6080D5F6C6B76EB13E438A5F8660BA85233344E	40C2BD278ECC348330A233D7FB6CB3F0B42C80CE	145964E1364C8AAF	good	-	-	1678841982.000000	1678971582.000000
1678869431.099324	FdPTIh3ntVdf1fAIZ1	sha1	C72E798ADDFF6134B3BAED4742B8BBC6C0240763	8A747FAF85CDEE95CD3D9CD0E24614F371351D27	7A3CC9AF5FEB94CE125C8AFECFFEBB2A	good	-	-	1678790695.000000	1679391894.000000
1678869431.100413	FLKaFN1V4Gm293vsGk	sha1	C72E798ADDFF6134B3BAED4742B8BBC6C0240763	8A747FAF85CDEE95CD3D9CD0E24614F371351D27	7A3CC9AF5FEB94CE125C8AFECFFEBB2A	good	-	-	1678790695.000000	1679391894.000000
1678869446.939233	FBJgU04FTmAYVeTKK8	sha1	666D0B709C89E4BE4BEBEC134547E4B695360F8C	C03152CD5A50C3827C7471CECBE99CF97AEB82E2	06B6A3637CBCD9F781FC61EC367848EA	good	-	-	1678819861.000000	1679421961.000000
1678869518.194988	FnAqne2TYL4msF9Kl8	sha1	48DAC9A0FB2BD32D4FF0DE68D2F567B735F9B3C4	142EB317B75856CBAE500940E61FAF9D8B14C2C6	03DF26D641881CD5B124027784FBA00142CE	good	-	-	1678719600.000000	1679324398.000000
1678869530.463043	FkrkYpJXx25AwCqT8	sha1	430BD20E4F137A1A6C918F24E5DA7E324D4733C8	8D8C5EC454AD8AE177E99BF99B05E1B8018D61E1	15477DC646D121FAFF137E2E5DCDDDA9	good	-	-	1678834014.000000	1679438813.000000
1678869530.537931	FnD38h2GtNcBB0Pkx3	sha1	430BD20E4F137A1A6C918F24E5DA7E324D4733C8	8D8C5EC454AD8AE177E99BF99B05E1B8018D61E1	15477DC646D121FAFF137E2E5DCDDDA9	good	-	-	1678834014.000000	1679438813.000000
1678869543.054134	FLo7VZ2CQZDspokE77	sha1	C72E798ADDFF6134B3BAED4742B8BBC6C0240763	8A747FAF85CDEE95CD3D9CD0E24614F371351D27	7D4B71032CED8ADC0A00D17046DF41A5	good	-	-	1678790658.000000	1679391857.000000
1678869544.574259	FRWMoE13D8eIfalzej	sha1	430BD20E4F137A1A6C918F24E5DA7E324D4733C8	8D8C5EC454AD8AE177E99BF99B05E1B8018D61E1	9840A5AD5BFC7060340F62BE1FBF3F56	good	-	-	1678461908.000000	1679063107.000000
1678869548.965689	F18BiI3qJtBkK4qZR3	sha1	A303C0A8887BD479C4278EB5D7587D3C12C04DA4	FF2F7FE106F438F32DED258D98C2FE0EF66CFCFA	2D0032787213FA84AE5320170C000000327872	good	-	-	1678831201.000000	1679176800.000000
1678869549.260610	FjYWxq12q3Slu4lZP7	sha1	8C0450EA53434941D65D1065376E4863D05A11AD	25E2180EB25791942AE5D45D869083DE53B3B892	8A82DD0AB58D947509EEC1454B02AEA7	good	-	-	1678883041.000000	1679484240.000000
1678869549.308337	FlBX624lLOB3JkCPmd	sha1	48DAC9A0FB2BD32D4FF0DE68D2F567B735F9B3C4	142EB317B75856CBAE500940E61FAF9D8B14C2C6	044FF1F33D5067BE6013F7D77C2DE0BFFD83	good	-	-	1678827600.000000	1679432398.000000
1678869550.504831	FwESn53kkZtJrOmV9k	sha1	48DAC9A0FB2BD32D4FF0DE68D2F567B735F9B3C4	142EB317B75856CBAE500940E61FAF9D8B14C2C6	04BE16F577930F3D739FC91880CB7A633089	good	-	-	1678878000.000000	1679482798.000000
1678869550.646481	FwuSo433TncGRSDiwd	sha1	48DAC9A0FB2BD32D4FF0DE68D2F567B735F9B3C4	142EB317B75856CBAE500940E61FAF9D8B14C2C6	04358B0C5551EF781992344640D6A28998D8	good	-	-	1678672800.000000	1679277598.000000
1678869552.967315	FavOh12bHFeILrwOK4	sha1	48DAC9A0FB2BD32D4FF0DE68D2F567B735F9B3C4	142EB317B75856CBAE500940E61FAF9D8B14C2C6	0396C429A87EF7B2AFD51CC71E9735FF5EFE	good	-	-	1678852800.000000	1679457598.000000
1678869553.030979	FtDkIgqJEfrk89hRa	sha1	48DAC9A0FB2BD32D4FF0DE68D2F567B735F9B3C4	142EB317B75856CBAE500940E61FAF9D8B14C2C6	0396C429A87EF7B2AFD51CC71E9735FF5EFE	good	-	-	1678852800.000000	1679457598.000000
1678869553.423114	FytyDw3n9sYwcPS8t9	sha1	430BD20E4F137A1A6C918F24E5DA7E324D4733C8	8D8C5EC454AD8AE177E99BF99B05E1B8018D61E1	9840A5AD5BFC7060340F62BE1FBF3F56	good	-	-	1678461908.000000	1679063107.000000
1678869553.423119	FJO4Zq2wk13kD7BfVi	sha1	430BD20E4F137A1A6C918F24E5DA7E324D4733C8	8D8C5EC454AD8AE177E99BF99B05E1B8018D61E1	9840A5AD5BFC7060340F62BE1FBF3F56	good	-	-	1678461908.000000	1679063107.000000
1678869554.115563	FNeXZk3MbYu90z8oG	sha1	8C0450EA53434941D65D1065376E4863D05A11AD	25E2180EB25791942AE5D45D869083DE53B3B892	C25632249A49D1AB099AD4CCD7823AFC	good	-	-	1678850275.000000	1679451474.000000
1678869601.781803	F7t6JT3CWyW5Lxu6dl	sha1	C72E798ADDFF6134B3BAED4742B8BBC6C0240763	8A747FAF85CDEE95CD3D9CD0E24614F371351D27	CF21B14FD4B8766812B4CDF8D2460234	good	-	-	1678790553.000000	1679391752.000000
1678869725.746670	FRT7S2gqN66B0nHB3	sha1	7AE13EE8A0C42A2CB428CBE7A605461940E2A1E9	90AF6A3A945A0BD890EA125673DF43B43A28DAE7	B5C87144019CE74A902AB67657BEEA9A	good	-	-	1678826852.000000	1679431651.000000
1678869725.791853	FVnOQt2bwZKWujCXnf	sha1	7AE13EE8A0C42A2CB428CBE7A605461940E2A1E9	90AF6A3A945A0BD890EA125673DF43B43A28DAE7	B5C87144019CE74A902AB67657BEEA9A	good	-	-	1678826852.000000	1679431651.000000
1678869768.929231	FZADsf2T97MXBPCLSe	sha1	E4E395A229D3D4C1C31FF0980C0B4EC0098AABD8	B76BA2EAA8AA848C79EAB4DA0F98B2C59576B9F4	073D9B462D83FF3A9EBE70BDF1F79FD2	good	-	-	1678822741.000000	1679424841.000000
1678869769.830134	FRfFSd25D61kU4qWPi	sha1	48DAC9A0FB2BD32D4FF0DE68D2F567B735F9B3C4	142EB317B75856CBAE500940E61FAF9D8B14C2C6	0366BC1C4871506DAA47EC1A88CF83392225	good	-	-	1678827600.000000	1679432398.000000
1678869809.812562	FAZonv3aywf75cz7wd	sha1	DAB8C6B458C3DBA648E06741C0C6407AA07D7AD9	BB789AD76833329D1ABB6CFDB1344C01DECBD075	0518F246D4358802838BA32FE2A2E72D	good	-	-	1678810502.000000	1679412602.000000
1678869853.928829	FDOz6twp9GSY3M1F7	sha1	48DAC9A0FB2BD32D4FF0DE68D2F567B735F9B3C4	142EB317B75856CBAE500940E61FAF9D8B14C2C6	038AAEB6FFA8498D9F1B5C8227DB3C42E276	good	-	-	1678827600.000000	1679432398.000000
1678870080.168088	FhiFVOR3iViivHCXa	sha1	12D78B402C356206FA827F8ED8922411B4ACF504	A5CE37EAEBB0750E946788B445FAD9241087961F	0AC77DC5856710678934AA2AB9A3D80C	good	-	-	1678843261.000000	1679445361.000000
1678870094.857964	FzT3a73Y5bZFjjtdfb	sha1	48DAC9A0FB2BD32D4FF0DE68D2F567B735F9B3C4	142EB317B75856CBAE500940E61FAF9D8B14C2C6	03174FACBAADE1A9BE75562711D767B9D397	good	-	-	1678773600.000000	1679378398.000000
1678870095.254686	Fb2knx2Ee1vhSIEgTg	sha1	48DAC9A0FB2BD32D4FF0DE68D2F567B735F9B3C4	142EB317B75856CBAE500940E61FAF9D8B14C2C6	03174FACBAADE1A9BE75562711D767B9D397	good	-	-	1678773600.000000	1679378398.000000
1678870096.083825	Ft87gw4AQgAuJVwM	sha1	A17551059D2110D201B9081B73338F1C3CC7BD5F	81B80E638A891218E5FA3B3B50959FE6E5901385	0BAE5D794C30F48481B9C18B2F299F89	good	-	-	1678848302.000000	1679450402.000000
1678870096.083835	FlBmbD25Tpjn4Zbkhc	sha1	A17551059D2110D201B9081B73338F1C3CC7BD5F	81B80E638A891218E5FA3B3B50959FE6E5901385	0BAE5D794C30F48481B9C18B2F299F89	good	-	-	1678848302.000000	1679450402.000000
1678870096.268283	FS7b6L3DuOsFhi2wZk	sha1	A17551059D2110D201B9081B73338F1C3CC7BD5F	81B80E638A891218E5FA3B3B50959FE6E5901385	0BAE5D794C30F48481B9C18B2F299F89	good	-	-	1678848302.000000	1679450402.000000
1678870101.500578	FV3oBI2nriL6nNHNS4	sha1	E4E395A229D3D4C1C31FF0980C0B4EC0098AABD8	B76BA2EAA8AA848C79EAB4DA0F98B2C59576B9F4	0A5909455E2F6D5E33E0F7B5C1B2F129	good	-	-	1678840742.000000	1679442842.000000
1678870101.598627	FS66S41br8cfQfndJ2	sha1	2B1D1E98CCF37604D6C1C8BD15A224C804130038	0ABC0829178CA5396D7A0ECE33C72EB3EDFBC37A	0328D9CEEE981BC7AED318C29061AA1C	good	-	-	1678799342.000000	1679401442.000000
1678870101.720318	FaZ0i9kOswTi9uc19	sha1	2B1D1E98CCF37604D6C1C8BD15A224C804130038	0ABC0829178CA5396D7A0ECE33C72EB3EDFBC37A	0328D9CEEE981BC7AED318C29061AA1C	good	-	-	1678799342.000000	1679401442.000000
1678870101.720329	FRYxrb2EfqaC8CfFe4	sha1	2B1D1E98CCF37604D6C1C8BD15A224C804130038	0ABC0829178CA5396D7A0ECE33C72EB3EDFBC37A	0328D9CEEE981BC7AED318C29061AA1C	good	-	-	1678799342.000000	1679401442.000000
1678870101.720341	Fddy711yYkU3JRxJC9	sha1	2B1D1E98CCF37604D6C1C8BD15A224C804130038	0ABC0829178CA5396D7A0ECE33C72EB3EDFBC37A	0328D9CEEE981BC7AED318C29061AA1C	good	-	-	1678799342.000000	1679401442.000000
1678870101.724879	Fe2Rui3GHrVOIa06rh	sha1	2B1D1E98CCF37604D6C1C8BD15A224C804130038	0ABC0829178CA5396D7A0ECE33C72EB3EDFBC37A	0328D9CEEE981BC7AED318C29061AA1C	good	-	-	1678799342.000000	1679401442.000000
1678870144.576252	Fqx8vr4488oX5BcVk5	sha1	12D78B402C356206FA827F8ED8922411B4ACF504	A5CE37EAEBB0750E946788B445FAD9241087961F	0AC77DC5856710678934AA2AB9A3D80C	good	-	-	1678843261.000000	1679445361.000000
1678870146.510052	FVlDbb2rz5bVkj3AJb	sha1	430BD20E4F137A1A6C918F24E5DA7E324D4733C8	8D8C5EC454AD8AE177E99BF99B05E1B8018D61E1	882C9BD794ACC9E3FCB90D420948AAC5	good	-	-	1678734168.000000	1679338967.000000
1678870148.211054	FiupoY2KgSLcE2W4hc	sha1	CF94DC5C304AA79485721F956E67895AC21657DD	F6850A3B1186E1047D0EAA0B2CD2EECC647B7BAE	8486D2695A4DF0ABFA5F9939C3A94861	good	-	-	1678651926.000000	1679256725.000000
1678870148.257200	FUaudr2EEAk0wQ4RQ6	sha1	48DAC9A0FB2BD32D4FF0DE68D2F567B735F9B3C4	142EB317B75856CBAE500940E61FAF9D8B14C2C6	04BA326657948515205DB5794F71A97B8051	good	-	-	1678827600.000000	1679432398.000000
1678870148.798084	FJlVtx4WULzADf3JOe	sha1	933232B4DE7362628418BEEE08CF27E7F4E24D74	587B8E752AFE6180AA904001AED6E807466E3F48	6AE78484D172981808D6BD16	good	-	-	1678879611.000000	1679225210.000000
1678870150.029887	FoJ04x2gdOwZmiLax2	sha1	933232B4DE7362628418BEEE08CF27E7F4E24D74	587B8E752AFE6180AA904001AED6E807466E3F48	46919C5847E7E647BBC45939	good	-	-	1678880009.000000	1679225608.000000
1678870201.088684	Ffoukf1BM0ZhUabFra	sha1	2828E1C94506C213EDC35EAC058B3B41C4B61D87	0D98C0737FABBDBDD9474B49AD0A4A0CAC3EC77C	6FFC161965F32FF86CD5E80B	good	-	-	1678877325.000000	1679222924.000000
1678870201.939784	F2LQr43X5pAuCzGwMg	sha1	0C9E4D9C3DEDEF84D891E972C7CF8406BC197B07	96DE61F1BD1C1629531CC0CC7D3B830040E61A7C	7E9372B36A5B98B9C4548565	good	-	-	1678871370.000000	1679216969.000000
1678870202.362253	FTuqda3pdZ8KWPLEv3	sha1	E4E395A229D3D4C1C31FF0980C0B4EC0098AABD8	B76BA2EAA8AA848C79EAB4DA0F98B2C59576B9F4	074D758210A86528AE22D876FEC59682	good	-	-	1678736701.000000	1679338801.000000
1678870203.382447	FgCa3f3392hm7jrXLg	sha1	E4E395A229D3D4C1C31FF0980C0B4EC0098AABD8	B76BA2EAA8AA848C79EAB4DA0F98B2C59576B9F4	048B16208DEDA0CE094AFED2AF2490BD	good	-	-	1678296061.000000	1678894561.000000
1678870204.366063	FkhjXbArhdbHZovqj	sha1	E4E395A229D3D4C1C31FF0980C0B4EC0098AABD8	B76BA2EAA8AA848C79EAB4DA0F98B2C59576B9F4	074D758210A86528AE22D876FEC59682	good	-	-	1678736701.000000	1679338801.000000
1678870204.378707	FUM8Zx4fbc6TNRsneh	sha1	E4E395A229D3D4C1C31FF0980C0B4EC0098AABD8	B76BA2EAA8AA848C79EAB4DA0F98B2C59576B9F4	074D758210A86528AE22D876FEC59682	good	-	-	1678736701.000000	1679338801.000000
1678870204.467533	FIEpJc37KAULprUiti	sha1	2828E1C94506C213EDC35EAC058B3B41C4B61D87	0D98C0737FABBDBDD9474B49AD0A4A0CAC3EC77C	4193F609876279254E666102	good	-	-	1678880663.000000	1679226262.000000
1678870204.585663	F2KR3g1kH5R1pfTB0a	sha1	2828E1C94506C213EDC35EAC058B3B41C4B61D87	0D98C0737FABBDBDD9474B49AD0A4A0CAC3EC77C	4193F609876279254E666102	good	-	-	1678880663.000000	1679226262.000000
1678870204.595189	FkJQHu2tKby5zLfUX2	sha1	2828E1C94506C213EDC35EAC058B3B41C4B61D87	0D98C0737FABBDBDD9474B49AD0A4A0CAC3EC77C	4193F609876279254E666102	good	-	-	1678880663.000000	1679226262.000000
1678870204.631700	FyltsG2WNRDGzUMWEi	sha1	2828E1C94506C213EDC35EAC058B3B41C4B61D87	0D98C0737FABBDBDD9474B49AD0A4A0CAC3EC77C	4193F609876279254E666102	good	-	-	1678880663.000000	1679226262.000000
1678870204.631707	FCqYarFoxIxRTzRr1	sha1	2828E1C94506C213EDC35EAC058B3B41C4B61D87	0D98C0737FABBDBDD9474B49AD0A4A0CAC3EC77C	4193F609876279254E666102	good	-	-	1678880663.000000	1679226262.000000
1678870204.733961	FvBQmF3sfCenLePLr2	sha1	0C9E4D9C3DEDEF84D891E972C7CF8406BC197B07	96DE61F1BD1C1629531CC0CC7D3B830040E61A7C	47137E24217A83742D9C3B72	good	-	-	1678879299.000000	1679224898.000000
1678870206.720153	F27Sa228fy7ud4HLE	sha1	0C9E4D9C3DEDEF84D891E972C7CF8406BC197B07	96DE61F1BD1C1629531CC0CC7D3B830040E61A7C	662D406D67EBF08746A92C55	good	-	-	1678878749.000000	1679224348.000000
1678870206.993295	FLYSQF49doMOT2mI3	sha1	0C9E4D9C3DEDEF84D891E972C7CF8406BC197B07	96DE61F1BD1C1629531CC0CC7D3B830040E61A7C	3CE43ECFED50CC58DDE81F05	good	-	-	1678877125.000000	1679222724.000000
1678870207.045730	FZ2c3a4T9ulFaLRm8i	sha1	E4E395A229D3D4C1C31FF0980C0B4EC0098AABD8	B76BA2EAA8AA848C79EAB4DA0F98B2C59576B9F4	074D758210A86528AE22D876FEC59682	good	-	-	1678736701.000000	1679338801.000000
1678870207.099340	Ft8MTo3sU65audr7e4	sha1	E4E395A229D3D4C1C31FF0980C0B4EC0098AABD8	B76BA2EAA8AA848C79EAB4DA0F98B2C59576B9F4	074D758210A86528AE22D876FEC59682	good	-	-	1678736701.000000	1679338801.000000
1678870207.798043	FCeGpG4TdqRljwL1M5	sha1	0C9E4D9C3DEDEF84D891E972C7CF8406BC197B07	96DE61F1BD1C1629531CC0CC7D3B830040E61A7C	36E95FE39659B630730FB87B	good	-	-	1678872914.000000	1679218513.000000
1678870207.798590	F1j05o1a7tYXLxpBXh	sha1	933232B4DE7362628418BEEE08CF27E7F4E24D74	587B8E752AFE6180AA904001AED6E807466E3F48	1D7C05885687DB83B4E2F5F8	good	-	-	1678880528.000000	1679226127.000000
1678870207.905821	FYr3MZ3WXG7no2An3	sha1	933232B4DE7362628418BEEE08CF27E7F4E24D74	587B8E752AFE6180AA904001AED6E807466E3F48	6AE78484D172981808D6BD16	good	-	-	1678879611.000000	1679225210.000000
1678870208.649416	Fu9ic72pfXqZZux4Oc	sha1	952CCEA6F5749A2B6A57C9CDF9EF214956380DC1	6886B87D7AD96D496B872F188B15346CD7B47A0E	0993938D5D1E44859220CD91	good	-	-	1678877527.000000	1679223126.000000
1678870209.248703	FLB6wj3I58G0fxhgkg	sha1	933232B4DE7362628418BEEE08CF27E7F4E24D74	587B8E752AFE6180AA904001AED6E807466E3F48	107276BDEFDDB95A75F938E4	good	-	-	1678878072.000000	1679223671.000000
1678870209.447989	FepKQc4DMhJ9MghpLg	sha1	933232B4DE7362628418BEEE08CF27E7F4E24D74	587B8E752AFE6180AA904001AED6E807466E3F48	46919C5847E7E647BBC45939	good	-	-	1678880009.000000	1679225608.000000
1678870458.090234	FmYgqT3jntaRhqzuN8	sha1	430BD20E4F137A1A6C918F24E5DA7E324D4733C8	8D8C5EC454AD8AE177E99BF99B05E1B8018D61E1	0E9951CA0D7309B1A62B0420D969E210	good	-	-	1678677622.000000	1679282421.000000
1678870460.641769	FUKBW34WGcqNB0XEq7	sha1	933232B4DE7362628418BEEE08CF27E7F4E24D74	587B8E752AFE6180AA904001AED6E807466E3F48	6AE78484D172981808D6BD16	good	-	-	1678879611.000000	1679225210.000000
1678870460.713889	FHztmr2pQDkfqvI9of	sha1	0C9E4D9C3DEDEF84D891E972C7CF8406BC197B07	96DE61F1BD1C1629531CC0CC7D3B830040E61A7C	36E95FE39659B630730FB87B	good	-	-	1678872914.000000	1679218513.000000
1678870460.714271	FHRGxU3rTLeXzZLWj7	sha1	0C9E4D9C3DEDEF84D891E972C7CF8406BC197B07	96DE61F1BD1C1629531CC0CC7D3B830040E61A7C	36E95FE39659B630730FB87B	good	-	-	1678872914.000000	1679218513.000000
1678870460.714289	FGYwOF1UlImOsFgNYj	sha1	933232B4DE7362628418BEEE08CF27E7F4E24D74	587B8E752AFE6180AA904001AED6E807466E3F48	1D7C05885687DB83B4E2F5F8	good	-	-	1678880528.000000	1679226127.000000
1678870460.714298	FwTocI2mPyJmDeT4r8	sha1	933232B4DE7362628418BEEE08CF27E7F4E24D74	587B8E752AFE6180AA904001AED6E807466E3F48	6AE78484D172981808D6BD16	good	-	-	1678879611.000000	1679225210.000000
1678870461.592010	F3w0hh3cLfrCvFBeE8	sha1	933232B4DE7362628418BEEE08CF27E7F4E24D74	587B8E752AFE6180AA904001AED6E807466E3F48	46919C5847E7E647BBC45939	good	-	-	1678880009.000000	1679225608.000000
1678870461.724660	FXs8Ru1lxwKvGL7Np5	sha1	0C9E4D9C3DEDEF84D891E972C7CF8406BC197B07	96DE61F1BD1C1629531CC0CC7D3B830040E61A7C	1D4E74314DD28598D66EA9C3	good	-	-	1678881656.000000	1679227255.000000
1678870461.724685	Fn7aVh2ssHJUuqC2Ul	sha1	0C9E4D9C3DEDEF84D891E972C7CF8406BC197B07	96DE61F1BD1C1629531CC0CC7D3B830040E61A7C	1D4E74314DD28598D66EA9C3	good	-	-	1678881656.000000	1679227255.000000
1678870461.827381	FwLVOZFkIJgVLYBSi	sha1	0C9E4D9C3DEDEF84D891E972C7CF8406BC197B07	96DE61F1BD1C1629531CC0CC7D3B830040E61A7C	1D4E74314DD28598D66EA9C3	good	-	-	1678881656.000000	1679227255.000000
1678870461.840803	FMu6xoyoJOZv3xEg	sha1	0C9E4D9C3DEDEF84D891E972C7CF8406BC197B07	96DE61F1BD1C1629531CC0CC7D3B830040E61A7C	1D4E74314DD28598D66EA9C3	good	-	-	1678881656.000000	1679227255.000000
1678870461.903113	Fo3sJT1GSsiTboIRyd	sha1	0C9E4D9C3DEDEF84D891E972C7CF8406BC197B07	96DE61F1BD1C1629531CC0CC7D3B830040E61A7C	1D4E74314DD28598D66EA9C3	good	-	-	1678881656.000000	1679227255.000000
1678870461.903584	FUKfFE4c7wLZhMUKge	sha1	0C9E4D9C3DEDEF84D891E972C7CF8406BC197B07	96DE61F1BD1C1629531CC0CC7D3B830040E61A7C	1D4E74314DD28598D66EA9C3	good	-	-	1678881656.000000	1679227255.000000
1678870464.126052	F371cg2RKFW9x51135	sha1	0C9E4D9C3DEDEF84D891E972C7CF8406BC197B07	96DE61F1BD1C1629531CC0CC7D3B830040E61A7C	1E1652623AC38F075899ACE1	good	-	-	1678877127.000000	1679222726.000000
1678870464.135933	F0SuYWlFr1CDBfhLf	sha1	0C9E4D9C3DEDEF84D891E972C7CF8406BC197B07	96DE61F1BD1C1629531CC0CC7D3B830040E61A7C	1E1652623AC38F075899ACE1	good	-	-	1678877127.000000	1679222726.000000
1678870464.135968	F8MBkq47pYOEvAMSn9	sha1	0C9E4D9C3DEDEF84D891E972C7CF8406BC197B07	96DE61F1BD1C1629531CC0CC7D3B830040E61A7C	581C86844F88B23810771725	good	-	-	1678877811.000000	1679223410.000000
1678870464.135992	Fl40nd2JsFbkGub799	sha1	0C9E4D9C3DEDEF84D891E972C7CF8406BC197B07	96DE61F1BD1C1629531CC0CC7D3B830040E61A7C	1E1652623AC38F075899ACE1	good	-	-	1678877127.000000	1679222726.000000
1678870464.136006	FYHEgo1FY9LXFXq8M5	sha1	0C9E4D9C3DEDEF84D891E972C7CF8406BC197B07	96DE61F1BD1C1629531CC0CC7D3B830040E61A7C	1E1652623AC38F075899ACE1	good	-	-	1678877127.000000	1679222726.000000
1678870497.444582	FGBsT01RMwBiw06fcl	sha1	48DAC9A0FB2BD32D4FF0DE68D2F567B735F9B3C4	142EB317B75856CBAE500940E61FAF9D8B14C2C6	03854D2EEA6D9A76EC62507A19341AF0B7A8	good	-	-	1678759200.000000	1679363998.000000
1678870497.529598	Fd83LFd6bog25G3n3	sha1	48DAC9A0FB2BD32D4FF0DE68D2F567B735F9B3C4	142EB317B75856CBAE500940E61FAF9D8B14C2C6	043BFFBA5FD86EA35F1BD19A7C524470F5A4	good	-	-	1678759200.000000	1679363998.000000
1678870497.576749	FeTHk8JNu5oE2nP1a	sha1	48DAC9A0FB2BD32D4FF0DE68D2F567B735F9B3C4	142EB317B75856CBAE500940E61FAF9D8B14C2C6	048CE63B1E675B64C86C444FBFCF61C2738A	good	-	-	1678759200.000000	1679363998.000000
1678870554.538026	FXoR9q1k1b06nwCW5k	sha1	C72E798ADDFF6134B3BAED4742B8BBC6C0240763	8A747FAF85CDEE95CD3D9CD0E24614F371351D27	02E8BAC8B9CCAE8A12230EA9597A241B	good	-	-	1678812875.000000	1679414074.000000
1678870563.328977	FfrYTf2bvLSxg3NhNi	sha1	C72E798ADDFF6134B3BAED4742B8BBC6C0240763	8A747FAF85CDEE95CD3D9CD0E24614F371351D27	CEACB931C7F037D60A4CA94655ADAA5E	good	-	-	1678790658.000000	1679391857.000000
1678870563.401923	FwTxmU2kNQv7ejbc6e	sha1	C72E798ADDFF6134B3BAED4742B8BBC6C0240763	8A747FAF85CDEE95CD3D9CD0E24614F371351D27	CEACB931C7F037D60A4CA94655ADAA5E	good	-	-	1678790658.000000	1679391857.000000
1678870565.667636	F0XKkh3FcZOGJCDsmi	sha1	C72E798ADDFF6134B3BAED4742B8BBC6C0240763	8A747FAF85CDEE95CD3D9CD0E24614F371351D27	31169DDC219E6D6F125268B8FDA9A5F5	good	-	-	1678812205.000000	1679413404.000000
#close	2023-03-15-12-31-36
